#
# There is insufficient memory for the Java Runtime Environment to continue.
# Native memory allocation (mmap) failed to map 122683392 bytes for committing reserved memory.
# Possible reasons:
#   The system is out of physical RAM or swap space
#   In 32 bit mode, the process size limit was hit
# Possible solutions:
#   Reduce memory load on the system
#   Increase physical memory or swap space
#   Check if swap backing store is full
#   Use 64 bit Java on a 64 bit OS
#   Decrease Java heap size (-Xmx/-Xms)
#   Decrease number of Java threads
#   Decrease Java thread stack sizes (-Xss)
#   Set larger code cache with -XX:ReservedCodeCacheSize=
# This output file may be truncated or incomplete.
#
#  Out of Memory Error (os_linux.cpp:2640), pid=17516, tid=0x00007f970411f700
#
# JRE version: Java(TM) SE Runtime Environment (8.0_181-b13) (build 1.8.0_181-b13)
# Java VM: Java HotSpot(TM) 64-Bit Server VM (25.181-b13 mixed mode linux-amd64 compressed oops)
# Failed to write core dump. Core dumps have been disabled. To enable core dumping, try "ulimit -c unlimited" before starting Java again
#

---------------  T H R E A D  ---------------

Current thread (0x00007f970007b800):  VMThread [stack: 0x00007f9704020000,0x00007f9704120000] [id=17521]

Stack: [0x00007f9704020000,0x00007f9704120000],  sp=0x00007f970411e040,  free space=1016k
Native frames: (J=compiled Java code, j=interpreted, Vv=VM code, C=native code)
V  [libjvm.so+0xad21aa]  VMError::report_and_die()+0x2ba
V  [libjvm.so+0x5022db]  report_vm_out_of_memory(char const*, int, unsigned long, VMErrorType, char const*)+0x8b
V  [libjvm.so+0x92fe33]  os::Linux::commit_memory_impl(char*, unsigned long, bool)+0x123
V  [libjvm.so+0x930059]  os::pd_commit_memory(char*, unsigned long, unsigned long, bool)+0x29
V  [libjvm.so+0x9272ba]  os::commit_memory(char*, unsigned long, unsigned long, bool)+0x2a
V  [libjvm.so+0x99d2e3]  PSVirtualSpace::expand_by(unsigned long)+0x53
V  [libjvm.so+0x98dba0]  PSOldGen::expand(unsigned long)+0x170
V  [libjvm.so+0x98ddab]  PSOldGen::resize(unsigned long)+0x1cb
V  [libjvm.so+0x995ab1]  PSParallelCompact::invoke_no_policy(bool)+0x991
V  [libjvm.so+0x99b40d]  PSScavenge::invoke()+0x1ad
V  [libjvm.so+0x951d70]  ParallelScavengeHeap::failed_mem_allocate(unsigned long)+0x70
V  [libjvm.so+0xad3c27]  VM_ParallelGCFailedAllocation::doit()+0x97
V  [libjvm.so+0xadb745]  VM_Operation::evaluate()+0x55
V  [libjvm.so+0xad9b0a]  VMThread::evaluate_operation(VM_Operation*)+0xba
V  [libjvm.so+0xad9e8e]  VMThread::loop()+0x1ce
V  [libjvm.so+0xada300]  VMThread::run()+0x70
V  [libjvm.so+0x930198]  java_start(Thread*)+0x108

VM_Operation (0x00007f96b24ed060): ParallelGCFailedAllocation, mode: safepoint, requested by thread 0x00007f96e404f000


---------------  P R O C E S S  ---------------

Java Threads: ( => current thread )
  0x00007f96e404f000 JavaThread "CHAIN DataSource (at startProducer(DtdProducer.java:113) (org.apache.flink.api.java.io.jdbc.JDBCInputFormat)) -> Map (Map at startProducer(DtdProducer.java:154)) (1/1)" daemon [_thread_blocked, id=17582, stack(0x00007f96b23f0000,0x00007f96b24f1000)]
  0x00007f96ac060000 JavaThread "ForkJoinPool-1-worker-1" daemon [_thread_blocked, id=17581, stack(0x00007f96b26f1000,0x00007f96b27f2000)]
  0x00007f96d0071000 JavaThread "Timer-1" daemon [_thread_blocked, id=17580, stack(0x00007f96b27f2000,0x00007f96b28f3000)]
  0x00007f96d0066800 JavaThread "ForkJoinPool-3-worker-3" daemon [_thread_blocked, id=17579, stack(0x00007f96b28f3000,0x00007f96b29f4000)]
  0x00007f96d0064000 JavaThread "ForkJoinPool-3-worker-1" daemon [_thread_blocked, id=17578, stack(0x00007f96b29f4000,0x00007f96b2af5000)]
  0x00007f96d4b8e000 JavaThread "ForkJoinPool-1-worker-3" daemon [_thread_blocked, id=17577, stack(0x00007f96b2cf5000,0x00007f96b2df6000)]
  0x00007f96d665c800 JavaThread "IOManager reader thread #1" daemon [_thread_blocked, id=17576, stack(0x00007f96b2df6000,0x00007f96b2ef7000)]
  0x00007f96d5fa3000 JavaThread "IOManager writer thread #1" daemon [_thread_blocked, id=17575, stack(0x00007f96b2ef7000,0x00007f96b2ff8000)]
  0x00007f96d50a5800 JavaThread "Timer-0" daemon [_thread_blocked, id=17573, stack(0x00007f96b2ff8000,0x00007f96b30f9000)]
  0x00007f96d4f4d800 JavaThread "BLOB Server listener at 34005" daemon [_thread_in_native, id=17572, stack(0x00007f96b30f9000,0x00007f96b31fa000)]
  0x00007f96dc001800 JavaThread "flink-akka.actor.default-dispatcher-5" daemon [_thread_blocked, id=17570, stack(0x00007f96b31fa000,0x00007f96b32fb000)]
  0x00007f96d5679000 JavaThread "flink-akka.actor.default-dispatcher-4" daemon [_thread_blocked, id=17569, stack(0x00007f96c78b3000,0x00007f96c79b4000)]
  0x00007f96d5002800 JavaThread "flink-akka.actor.default-dispatcher-3" daemon [_thread_blocked, id=17568, stack(0x00007f96c79b4000,0x00007f96c7ab5000)]
  0x00007f96d5684000 JavaThread "flink-akka.actor.default-dispatcher-2" daemon [_thread_blocked, id=17567, stack(0x00007f96c77b2000,0x00007f96c78b3000)]
  0x00007f96d4226800 JavaThread "flink-scheduler-1" daemon [_thread_blocked, id=17565, stack(0x00007f96c63eb000,0x00007f96c64ec000)]
  0x00007f9700011800 JavaThread "DestroyJavaVM" [_thread_blocked, id=17517, stack(0x00007f9709482000,0x00007f9709582000)]
  0x00007f96b4770800 JavaThread "http-nio-8080-AsyncTimeout" daemon [_thread_blocked, id=17562, stack(0x00007f96b3afb000,0x00007f96b3bfc000)]
  0x00007f96b476f000 JavaThread "http-nio-8080-Acceptor-0" daemon [_thread_in_native, id=17561, stack(0x00007f96b3bfc000,0x00007f96b3cfd000)]
  0x00007f96b476c800 JavaThread "http-nio-8080-ClientPoller-1" daemon [_thread_blocked, id=17560, stack(0x00007f96b3cfd000,0x00007f96b3dfe000)]
  0x00007f96b476b000 JavaThread "http-nio-8080-ClientPoller-0" daemon [_thread_blocked, id=17559, stack(0x00007f96b3dfe000,0x00007f96b3eff000)]
  0x00007f96b4768000 JavaThread "http-nio-8080-exec-10" daemon [_thread_blocked, id=17558, stack(0x00007f96b3eff000,0x00007f96b4000000)]
  0x00007f96b4766000 JavaThread "http-nio-8080-exec-9" daemon [_thread_blocked, id=17557, stack(0x00007f96c4029000,0x00007f96c412a000)]
  0x00007f96b425b000 JavaThread "http-nio-8080-exec-8" daemon [_thread_blocked, id=17556, stack(0x00007f96c412a000,0x00007f96c422b000)]
  0x00007f96b4259000 JavaThread "http-nio-8080-exec-7" daemon [_thread_blocked, id=17555, stack(0x00007f96c422b000,0x00007f96c432c000)]
  0x00007f96b4257000 JavaThread "http-nio-8080-exec-6" daemon [_thread_blocked, id=17554, stack(0x00007f96c432c000,0x00007f96c442d000)]
  0x00007f96b4255000 JavaThread "http-nio-8080-exec-5" daemon [_thread_blocked, id=17553, stack(0x00007f96c442d000,0x00007f96c452e000)]
  0x00007f96b4693000 JavaThread "http-nio-8080-exec-4" daemon [_thread_blocked, id=17552, stack(0x00007f96c452e000,0x00007f96c462f000)]
  0x00007f96b4691000 JavaThread "http-nio-8080-exec-3" daemon [_thread_blocked, id=17551, stack(0x00007f96c462f000,0x00007f96c4730000)]
  0x00007f96b468f800 JavaThread "http-nio-8080-exec-2" daemon [_thread_blocked, id=17550, stack(0x00007f96c4730000,0x00007f96c4831000)]
  0x00007f96b468e800 JavaThread "http-nio-8080-exec-1" daemon [_thread_blocked, id=17549, stack(0x00007f96c4831000,0x00007f96c4932000)]
  0x00007f96b4e03000 JavaThread "NioBlockingSelector.BlockPoller-1" daemon [_thread_blocked, id=17548, stack(0x00007f96c4932000,0x00007f96c4a33000)]
  0x00007f96b468c800 JavaThread "task-scheduler-1" [_thread_blocked, id=17547, stack(0x00007f96c4f34000,0x00007f96c5035000)]
  0x00007f96b465a000 JavaThread "Live Reload Server" daemon [_thread_in_native, id=17543, stack(0x00007f96c4e33000,0x00007f96c4f34000)]
  0x00007f96b4653000 JavaThread "File Watcher" daemon [_thread_blocked, id=17541, stack(0x00007f96c5035000,0x00007f96c5136000)]
  0x00007f96b4c88800 JavaThread "container-0" [_thread_blocked, id=17540, stack(0x00007f96c5536000,0x00007f96c5637000)]
  0x00007f96b4c88000 JavaThread "ContainerBackgroundProcessor[StandardEngine[Tomcat]]" daemon [_thread_blocked, id=17539, stack(0x00007f96c5637000,0x00007f96c5738000)]
  0x00007f97000c1800 JavaThread "Service Thread" daemon [_thread_blocked, id=17527, stack(0x00007f96ec2bb000,0x00007f96ec3bc000)]
  0x00007f97000be800 JavaThread "C1 CompilerThread1" daemon [_thread_blocked, id=17526, stack(0x00007f96ec3bd000,0x00007f96ec4bd000)]
  0x00007f97000bc000 JavaThread "C2 CompilerThread0" daemon [_thread_blocked, id=17525, stack(0x00007f96ec4be000,0x00007f96ec5be000)]
  0x00007f97000ba000 JavaThread "Signal Dispatcher" daemon [_thread_blocked, id=17524, stack(0x00007f96ec5be000,0x00007f96ec6bf000)]
  0x00007f9700087800 JavaThread "Finalizer" daemon [_thread_blocked, id=17523, stack(0x00007f96ed08e000,0x00007f96ed18f000)]
  0x00007f9700085000 JavaThread "Reference Handler" daemon [_thread_blocked, id=17522, stack(0x00007f96ed18f000,0x00007f96ed290000)]

Other Threads:
=>0x00007f970007b800 VMThread [stack: 0x00007f9704020000,0x00007f9704120000] [id=17521]
  0x00007f97000c7000 WatcherThread [stack: 0x00007f96ec1bb000,0x00007f96ec2bb000] [id=17528]

VM state:at safepoint (normal execution)

VM Mutex/Monitor currently owned by a thread:  ([mutex/lock_event])
[0x00007f970000d840] ExpandHeap_lock - owner thread: 0x00007f970007b800
[0x00007f970000dec0] Threads_lock - owner thread: 0x00007f970007b800
[0x00007f970000e3c0] Heap_lock - owner thread: 0x00007f96e404f000

Heap:
 PSYoungGen      total 178688K, used 10721K [0x00000000d7100000, 0x00000000ea680000, 0x0000000100000000)
  eden space 160768K, 0% used [0x00000000d7100000,0x00000000d7100000,0x00000000e0e00000)
  from space 17920K, 59% used [0x00000000e3700000,0x00000000e4178628,0x00000000e4880000)
  to   space 41984K, 0% used [0x00000000e0e00000,0x00000000e0e00000,0x00000000e3700000)
 ParOldGen       total 92672K, used 92476K [0x0000000085200000, 0x000000008ac80000, 0x00000000d7100000)
  object space 92672K, 99% used [0x0000000085200000,0x000000008ac4f0a8,0x000000008ac80000)
 Metaspace       used 58696K, capacity 61086K, committed 61272K, reserved 1101824K
  class space    used 8078K, capacity 8514K, committed 8576K, reserved 1048576K

Card table byte_map: [0x00007f9705d73000,0x00007f970614b000] byte_map_base: 0x00007f970594a000

Marking Bits: (ParMarkBitMap*) 0x00007f970891e0a0
 Begin Bits: [0x00007f96ed290000, 0x00007f96ef148000)
 End Bits:   [0x00007f96ef148000, 0x00007f96f1000000)

Polling page: 0x00007f9709599000

CodeCache: size=245760Kb used=14620Kb max_used=14631Kb free=231139Kb
 bounds [0x00007f96f1000000, 0x00007f96f1e60000, 0x00007f9700000000]
 total_blobs=5371 nmethods=4827 adapters=458
 compilation: enabled

Compilation events (10 events):
Event: 31.850 Thread 0x00007f97000be800 nmethod 5408 0x00007f96f1e504d0 code [0x00007f96f1e50660, 0x00007f96f1e50a98]
Event: 31.879 Thread 0x00007f97000be800 5409       3       java.lang.reflect.Field::get (51 bytes)
Event: 31.879 Thread 0x00007f97000bc000 5411       4       java.util.regex.Pattern$Start::match (90 bytes)
Event: 31.880 Thread 0x00007f97000be800 nmethod 5409 0x00007f96f1e51390 code [0x00007f96f1e51560, 0x00007f96f1e51b88]
Event: 31.882 Thread 0x00007f97000bc000 nmethod 5411 0x00007f96f1e4fe90 code [0x00007f96f1e4ffe0, 0x00007f96f1e50178]
Event: 31.882 Thread 0x00007f97000bc000 5412       4       java.util.regex.Pattern$Slice::match (79 bytes)
Event: 31.891 Thread 0x00007f97000bc000 nmethod 5412 0x00007f96f1e52c90 code [0x00007f96f1e52e00, 0x00007f96f1e533b8]
Event: 31.891 Thread 0x00007f97000bc000 5410       4       java.lang.StringBuilder::append (9 bytes)
Event: 31.898 Thread 0x00007f97000bc000 nmethod 5410 0x00007f96f1e52190 code [0x00007f96f1e52300, 0x00007f96f1e52788]
Event: 31.935 Thread 0x00007f97000bc000 5413 %     4       sun.misc.URLClassPath::findResource @ 10 (47 bytes)

GC Heap History (10 events):
Event: 10.345 GC heap after
Heap after GC invocations=11 (full 2):
 PSYoungGen      total 158208K, used 7395K [0x00000000d7100000, 0x00000000e3c80000, 0x0000000100000000)
  eden space 145408K, 0% used [0x00000000d7100000,0x00000000d7100000,0x00000000dff00000)
  from space 12800K, 57% used [0x00000000dff00000,0x00000000e0638cf8,0x00000000e0b80000)
  to   space 12288K, 0% used [0x00000000e3080000,0x00000000e3080000,0x00000000e3c80000)
 ParOldGen       total 92160K, used 18702K [0x0000000085200000, 0x000000008ac00000, 0x00000000d7100000)
  object space 92160K, 20% used [0x0000000085200000,0x00000000864439c8,0x000000008ac00000)
 Metaspace       used 36933K, capacity 38436K, committed 38616K, reserved 1083392K
  class space    used 4782K, capacity 5089K, committed 5120K, reserved 1048576K
}
Event: 11.869 GC heap before
{Heap before GC invocations=12 (full 2):
 PSYoungGen      total 158208K, used 152803K [0x00000000d7100000, 0x00000000e3c80000, 0x0000000100000000)
  eden space 145408K, 100% used [0x00000000d7100000,0x00000000dff00000,0x00000000dff00000)
  from space 12800K, 57% used [0x00000000dff00000,0x00000000e0638cf8,0x00000000e0b80000)
  to   space 12288K, 0% used [0x00000000e3080000,0x00000000e3080000,0x00000000e3c80000)
 ParOldGen       total 92160K, used 18702K [0x0000000085200000, 0x000000008ac00000, 0x00000000d7100000)
  object space 92160K, 20% used [0x0000000085200000,0x00000000864439c8,0x000000008ac00000)
 Metaspace       used 40245K, capacity 42264K, committed 42584K, reserved 1085440K
  class space    used 5325K, capacity 5691K, committed 5760K, reserved 1048576K
Event: 11.900 GC heap after
Heap after GC invocations=12 (full 2):
 PSYoungGen      total 194560K, used 12282K [0x00000000d7100000, 0x00000000e4080000, 0x0000000100000000)
  eden space 182272K, 0% used [0x00000000d7100000,0x00000000d7100000,0x00000000e2300000)
  from space 12288K, 99% used [0x00000000e3080000,0x00000000e3c7eb80,0x00000000e3c80000)
  to   space 13824K, 0% used [0x00000000e2300000,0x00000000e2300000,0x00000000e3080000)
 ParOldGen       total 92160K, used 18710K [0x0000000085200000, 0x000000008ac00000, 0x00000000d7100000)
  object space 92160K, 20% used [0x0000000085200000,0x00000000864459c8,0x000000008ac00000)
 Metaspace       used 40245K, capacity 42264K, committed 42584K, reserved 1085440K
  class space    used 5325K, capacity 5691K, committed 5760K, reserved 1048576K
}
Event: 26.722 GC heap before
{Heap before GC invocations=13 (full 2):
 PSYoungGen      total 194560K, used 193204K [0x00000000d7100000, 0x00000000e4080000, 0x0000000100000000)
  eden space 182272K, 99% used [0x00000000d7100000,0x00000000e21ae648,0x00000000e2300000)
  from space 12288K, 99% used [0x00000000e3080000,0x00000000e3c7eb80,0x00000000e3c80000)
  to   space 13824K, 0% used [0x00000000e2300000,0x00000000e2300000,0x00000000e3080000)
 ParOldGen       total 92160K, used 18710K [0x0000000085200000, 0x000000008ac00000, 0x00000000d7100000)
  object space 92160K, 20% used [0x0000000085200000,0x00000000864459c8,0x000000008ac00000)
 Metaspace       used 49020K, capacity 51330K, committed 51672K, reserved 1093632K
  class space    used 6621K, capacity 7052K, committed 7168K, reserved 1048576K
Event: 26.763 GC heap after
Heap after GC invocations=13 (full 2):
 PSYoungGen      total 196096K, used 13811K [0x00000000d7100000, 0x00000000e4880000, 0x0000000100000000)
  eden space 182272K, 0% used [0x00000000d7100000,0x00000000d7100000,0x00000000e2300000)
  from space 13824K, 99% used [0x00000000e2300000,0x00000000e307cfb0,0x00000000e3080000)
  to   space 17920K, 0% used [0x00000000e3700000,0x00000000e3700000,0x00000000e4880000)
 ParOldGen       total 92160K, used 25111K [0x0000000085200000, 0x000000008ac00000, 0x00000000d7100000)
  object space 92160K, 27% used [0x0000000085200000,0x0000000086a85c60,0x000000008ac00000)
 Metaspace       used 49020K, capacity 51330K, committed 51672K, reserved 1093632K
  class space    used 6621K, capacity 7052K, committed 7168K, reserved 1048576K
}
Event: 26.763 GC heap before
{Heap before GC invocations=14 (full 3):
 PSYoungGen      total 196096K, used 13811K [0x00000000d7100000, 0x00000000e4880000, 0x0000000100000000)
  eden space 182272K, 0% used [0x00000000d7100000,0x00000000d7100000,0x00000000e2300000)
  from space 13824K, 99% used [0x00000000e2300000,0x00000000e307cfb0,0x00000000e3080000)
  to   space 17920K, 0% used [0x00000000e3700000,0x00000000e3700000,0x00000000e4880000)
 ParOldGen       total 92160K, used 25111K [0x0000000085200000, 0x000000008ac00000, 0x00000000d7100000)
  object space 92160K, 27% used [0x0000000085200000,0x0000000086a85c60,0x000000008ac00000)
 Metaspace       used 49020K, capacity 51330K, committed 51672K, reserved 1093632K
  class space    used 6621K, capacity 7052K, committed 7168K, reserved 1048576K
Event: 26.984 GC heap after
Heap after GC invocations=14 (full 3):
 PSYoungGen      total 196096K, used 0K [0x00000000d7100000, 0x00000000e4880000, 0x0000000100000000)
  eden space 182272K, 0% used [0x00000000d7100000,0x00000000d7100000,0x00000000e2300000)
  from space 13824K, 0% used [0x00000000e2300000,0x00000000e2300000,0x00000000e3080000)
  to   space 17920K, 0% used [0x00000000e3700000,0x00000000e3700000,0x00000000e4880000)
 ParOldGen       total 92160K, used 34456K [0x0000000085200000, 0x000000008ac00000, 0x00000000d7100000)
  object space 92160K, 37% used [0x0000000085200000,0x00000000873a6000,0x000000008ac00000)
 Metaspace       used 49020K, capacity 51330K, committed 51672K, reserved 1093632K
  class space    used 6621K, capacity 7052K, committed 7168K, reserved 1048576K
}
Event: 31.936 GC heap before
{Heap before GC invocations=15 (full 3):
 PSYoungGen      total 196096K, used 182272K [0x00000000d7100000, 0x00000000e4880000, 0x0000000100000000)
  eden space 182272K, 100% used [0x00000000d7100000,0x00000000e2300000,0x00000000e2300000)
  from space 13824K, 0% used [0x00000000e2300000,0x00000000e2300000,0x00000000e3080000)
  to   space 17920K, 0% used [0x00000000e3700000,0x00000000e3700000,0x00000000e4880000)
 ParOldGen       total 92160K, used 34456K [0x0000000085200000, 0x000000008ac00000, 0x00000000d7100000)
  object space 92160K, 37% used [0x0000000085200000,0x00000000873a6000,0x000000008ac00000)
 Metaspace       used 58696K, capacity 61086K, committed 61272K, reserved 1101824K
  class space    used 8078K, capacity 8514K, committed 8576K, reserved 1048576K
Event: 32.051 GC heap after
Heap after GC invocations=15 (full 3):
 PSYoungGen      total 178688K, used 17895K [0x00000000d7100000, 0x00000000ea680000, 0x0000000100000000)
  eden space 160768K, 0% used [0x00000000d7100000,0x00000000d7100000,0x00000000e0e00000)
  from space 17920K, 99% used [0x00000000e3700000,0x00000000e4879f50,0x00000000e4880000)
  to   space 41984K, 0% used [0x00000000e0e00000,0x00000000e0e00000,0x00000000e3700000)
 ParOldGen       total 92672K, used 92619K [0x0000000085200000, 0x000000008ac80000, 0x00000000d7100000)
  object space 92672K, 99% used [0x0000000085200000,0x000000008ac72ed8,0x000000008ac80000)
 Metaspace       used 58696K, capacity 61086K, committed 61272K, reserved 1101824K
  class space    used 8078K, capacity 8514K, committed 8576K, reserved 1048576K
}
Event: 32.051 GC heap before
{Heap before GC invocations=16 (full 4):
 PSYoungGen      total 178688K, used 17895K [0x00000000d7100000, 0x00000000ea680000, 0x0000000100000000)
  eden space 160768K, 0% used [0x00000000d7100000,0x00000000d7100000,0x00000000e0e00000)
  from space 17920K, 99% used [0x00000000e3700000,0x00000000e4879f50,0x00000000e4880000)
  to   space 41984K, 0% used [0x00000000e0e00000,0x00000000e0e00000,0x00000000e3700000)
 ParOldGen       total 92672K, used 92619K [0x0000000085200000, 0x000000008ac80000, 0x00000000d7100000)
  object space 92672K, 99% used [0x0000000085200000,0x000000008ac72ed8,0x000000008ac80000)
 Metaspace       used 58696K, capacity 61086K, committed 61272K, reserved 1101824K
  class space    used 8078K, capacity 8514K, committed 8576K, reserved 1048576K

Deoptimization events (10 events):
Event: 29.004 Thread 0x00007f96b468c800 Uncommon trap: reason=bimorphic action=maybe_recompile pc=0x00007f96f14a6bc0 method=java.util.regex.Pattern$5.isSatisfiedBy(I)Z @ 16
Event: 29.004 Thread 0x00007f96b468c800 Uncommon trap: reason=bimorphic action=maybe_recompile pc=0x00007f96f14a6bc0 method=java.util.regex.Pattern$5.isSatisfiedBy(I)Z @ 16
Event: 29.004 Thread 0x00007f96b468c800 Uncommon trap: reason=bimorphic action=maybe_recompile pc=0x00007f96f14a6bc0 method=java.util.regex.Pattern$5.isSatisfiedBy(I)Z @ 16
Event: 29.004 Thread 0x00007f96b468c800 Uncommon trap: reason=bimorphic action=maybe_recompile pc=0x00007f96f14a6bc0 method=java.util.regex.Pattern$5.isSatisfiedBy(I)Z @ 16
Event: 30.047 Thread 0x00007f96d5679000 Uncommon trap: reason=unstable_if action=reinterpret pc=0x00007f96f12a532c method=java.net.URI.match(CJJ)Z @ 45
Event: 30.426 Thread 0x00007f96b468c800 Uncommon trap: reason=class_check action=maybe_recompile pc=0x00007f96f15713d4 method=java.util.AbstractList$Itr.hasNext()Z @ 8
Event: 30.426 Thread 0x00007f96b468c800 Uncommon trap: reason=class_check action=maybe_recompile pc=0x00007f96f1775ec8 method=java.util.AbstractList$Itr.next()Ljava/lang/Object; @ 14
Event: 30.427 Thread 0x00007f96b468c800 Uncommon trap: reason=class_check action=maybe_recompile pc=0x00007f96f15713d4 method=java.util.AbstractList$Itr.hasNext()Z @ 8
Event: 31.249 Thread 0x00007f96e404f000 Uncommon trap: reason=class_check action=maybe_recompile pc=0x00007f96f1b39d18 method=java.util.Properties$LineReader.readLine()I @ 62
Event: 31.258 Thread 0x00007f96e404f000 Uncommon trap: reason=class_check action=maybe_recompile pc=0x00007f96f1b39d18 method=java.util.Properties$LineReader.readLine()I @ 62

Classes redefined (0 events):
No events

Internal exceptions (10 events):
Event: 14.952 Thread 0x00007f96bc003000 Exception <a 'java/lang/ClassNotFoundException': org/springframework/cloud/stream/config/MergablePropertiesCustomizer> (0x00000000de885e70) thrown at [/HUDSON/workspace/8-2-build-linux-amd64/jdk8u181/11358/hotspot/src/share/vm/classfile/systemDictionary.c
Event: 14.952 Thread 0x00007f96bc003000 Exception <a 'java/lang/ClassNotFoundException': java/lang/ObjectCustomizer> (0x00000000de8942f8) thrown at [/HUDSON/workspace/8-2-build-linux-amd64/jdk8u181/11358/hotspot/src/share/vm/classfile/systemDictionary.cpp, line 210]
Event: 14.953 Thread 0x00007f96bc003000 Exception <a 'java/lang/ClassNotFoundException': org/springframework/cloud/stream/binder/ConsumerPropertiesCustomizer> (0x00000000de8bff88) thrown at [/HUDSON/workspace/8-2-build-linux-amd64/jdk8u181/11358/hotspot/src/share/vm/classfile/systemDictionary.c
Event: 14.954 Thread 0x00007f96bc003000 Exception <a 'java/lang/ClassNotFoundException': org/springframework/cloud/stream/config/MergablePropertiesCustomizer> (0x00000000de903c58) thrown at [/HUDSON/workspace/8-2-build-linux-amd64/jdk8u181/11358/hotspot/src/share/vm/classfile/systemDictionary.c
Event: 25.631 Thread 0x00007f96b468c800 Exception <a 'java/lang/NoSuchMethodError': <clinit>> (0x00000000e04cdad0) thrown at [/HUDSON/workspace/8-2-build-linux-amd64/jdk8u181/11358/hotspot/src/share/vm/prims/jni.cpp, line 1613]
Event: 29.816 Thread 0x00007f96d5679000 Exception <a 'java/io/IOException'> (0x00000000df4c99f8) thrown at [/HUDSON/workspace/8-2-build-linux-amd64/jdk8u181/11358/hotspot/src/share/vm/prims/jni.cpp, line 709]
Event: 30.548 Thread 0x00007f96b468c800 Exception <a 'java/lang/NoSuchMethodError': <clinit>> (0x00000000e0c96390) thrown at [/HUDSON/workspace/8-2-build-linux-amd64/jdk8u181/11358/hotspot/src/share/vm/prims/jni.cpp, line 1613]
Event: 30.562 Thread 0x00007f96b468c800 Exception <a 'java/lang/NoSuchMethodError': <clinit>> (0x00000000e0d01f78) thrown at [/HUDSON/workspace/8-2-build-linux-amd64/jdk8u181/11358/hotspot/src/share/vm/prims/jni.cpp, line 1613]
Event: 30.808 Thread 0x00007f96dc001800 Exception <a 'java/lang/NoSuchMethodError': <clinit>> (0x00000000e141bd48) thrown at [/HUDSON/workspace/8-2-build-linux-amd64/jdk8u181/11358/hotspot/src/share/vm/prims/jni.cpp, line 1613]
Event: 31.054 Thread 0x00007f96e404f000 Exception <a 'java/lang/NoSuchMethodError': <clinit>> (0x00000000e1ca6ea8) thrown at [/HUDSON/workspace/8-2-build-linux-amd64/jdk8u181/11358/hotspot/src/share/vm/prims/jni.cpp, line 1613]

Events (10 events):
Event: 31.905 loading class org/springframework/messaging/support/MessageBuilder done
Event: 31.906 loading class org/springframework/messaging/support/MessageHeaderAccessor
Event: 31.906 loading class org/springframework/messaging/support/MessageHeaderAccessor done
Event: 31.931 loading class org/springframework/messaging/support/MessageHeaderAccessor$MutableMessageHeaders
Event: 31.931 loading class org/springframework/messaging/support/MessageHeaderAccessor$MutableMessageHeaders done
Event: 31.935 Executing VM operation: RevokeBias
Event: 31.936 Executing VM operation: RevokeBias done
Event: 31.936 loading class org/springframework/util/AlternativeJdkIdGenerator
Event: 31.936 loading class org/springframework/util/AlternativeJdkIdGenerator done
Event: 31.936 Executing VM operation: ParallelGCFailedAllocation


Dynamic libraries:
00400000-00401000 r-xp 00000000 08:02 7089328                            /usr/lib/jvm/java-8-oracle/jre/bin/java
00600000-00601000 rw-p 00000000 08:02 7089328                            /usr/lib/jvm/java-8-oracle/jre/bin/java
011b3000-011d4000 rw-p 00000000 00:00 0                                  [heap]
85200000-8ac80000 rw-p 00000000 00:00 0 
92180000-d7100000 ---p 00000000 00:00 0 
d7100000-ea680000 rw-p 00000000 00:00 0 
ea680000-100000000 ---p 00000000 00:00 0 
100000000-100860000 rw-p 00000000 00:00 0 
100860000-140000000 ---p 00000000 00:00 0 
7f96ac000000-7f96ac06c000 rw-p 00000000 00:00 0 
7f96ac06c000-7f96b0000000 ---p 00000000 00:00 0 
7f96b23f0000-7f96b23f3000 ---p 00000000 00:00 0 
7f96b23f3000-7f96b2671000 rw-p 00000000 00:00 0 
7f96b2671000-7f96b26f1000 ---p 00000000 00:00 0 
7f96b26f1000-7f96b26f4000 ---p 00000000 00:00 0 
7f96b26f4000-7f96b27f2000 rw-p 00000000 00:00 0 
7f96b27f2000-7f96b27f5000 ---p 00000000 00:00 0 
7f96b27f5000-7f96b28f3000 rw-p 00000000 00:00 0 
7f96b28f3000-7f96b28f6000 ---p 00000000 00:00 0 
7f96b28f6000-7f96b29f4000 rw-p 00000000 00:00 0 
7f96b29f4000-7f96b29f7000 ---p 00000000 00:00 0 
7f96b29f7000-7f96b2cf5000 rw-p 00000000 00:00 0 
7f96b2cf5000-7f96b2cf8000 ---p 00000000 00:00 0 
7f96b2cf8000-7f96b2df6000 rw-p 00000000 00:00 0 
7f96b2df6000-7f96b2df9000 ---p 00000000 00:00 0 
7f96b2df9000-7f96b2ef7000 rw-p 00000000 00:00 0 
7f96b2ef7000-7f96b2efa000 ---p 00000000 00:00 0 
7f96b2efa000-7f96b2ff8000 rw-p 00000000 00:00 0 
7f96b2ff8000-7f96b2ffb000 ---p 00000000 00:00 0 
7f96b2ffb000-7f96b30f9000 rw-p 00000000 00:00 0 
7f96b30f9000-7f96b30fc000 ---p 00000000 00:00 0 
7f96b30fc000-7f96b31fa000 rw-p 00000000 00:00 0 
7f96b31fa000-7f96b31fd000 ---p 00000000 00:00 0 
7f96b31fd000-7f96b34fb000 rw-p 00000000 00:00 0 
7f96b34fb000-7f96b36fb000 rw-p 00000000 00:00 0 
7f96b36fb000-7f96b38fb000 rw-p 00000000 00:00 0 
7f96b38fb000-7f96b3afb000 rw-p 00000000 00:00 0 
7f96b3afb000-7f96b3afe000 ---p 00000000 00:00 0 
7f96b3afe000-7f96b3bfc000 rw-p 00000000 00:00 0 
7f96b3bfc000-7f96b3bff000 ---p 00000000 00:00 0 
7f96b3bff000-7f96b3cfd000 rw-p 00000000 00:00 0 
7f96b3cfd000-7f96b3d00000 ---p 00000000 00:00 0 
7f96b3d00000-7f96b3dfe000 rw-p 00000000 00:00 0 
7f96b3dfe000-7f96b3e01000 ---p 00000000 00:00 0 
7f96b3e01000-7f96b3eff000 rw-p 00000000 00:00 0 
7f96b3eff000-7f96b3f02000 ---p 00000000 00:00 0 
7f96b3f02000-7f96b4000000 rw-p 00000000 00:00 0 
7f96b4000000-7f96b4f27000 rw-p 00000000 00:00 0 
7f96b4f27000-7f96b8000000 ---p 00000000 00:00 0 
7f96b8000000-7f96b838c000 rw-p 00000000 00:00 0 
7f96b838c000-7f96bc000000 ---p 00000000 00:00 0 
7f96bc000000-7f96bc021000 rw-p 00000000 00:00 0 
7f96bc021000-7f96c0000000 ---p 00000000 00:00 0 
7f96c0000000-7f96c0062000 rw-p 00000000 00:00 0 
7f96c0062000-7f96c4000000 ---p 00000000 00:00 0 
7f96c4029000-7f96c402c000 ---p 00000000 00:00 0 
7f96c402c000-7f96c412a000 rw-p 00000000 00:00 0 
7f96c412a000-7f96c412d000 ---p 00000000 00:00 0 
7f96c412d000-7f96c422b000 rw-p 00000000 00:00 0 
7f96c422b000-7f96c422e000 ---p 00000000 00:00 0 
7f96c422e000-7f96c432c000 rw-p 00000000 00:00 0 
7f96c432c000-7f96c432f000 ---p 00000000 00:00 0 
7f96c432f000-7f96c442d000 rw-p 00000000 00:00 0 
7f96c442d000-7f96c4430000 ---p 00000000 00:00 0 
7f96c4430000-7f96c452e000 rw-p 00000000 00:00 0 
7f96c452e000-7f96c4531000 ---p 00000000 00:00 0 
7f96c4531000-7f96c462f000 rw-p 00000000 00:00 0 
7f96c462f000-7f96c4632000 ---p 00000000 00:00 0 
7f96c4632000-7f96c4730000 rw-p 00000000 00:00 0 
7f96c4730000-7f96c4733000 ---p 00000000 00:00 0 
7f96c4733000-7f96c4831000 rw-p 00000000 00:00 0 
7f96c4831000-7f96c4834000 ---p 00000000 00:00 0 
7f96c4834000-7f96c4932000 rw-p 00000000 00:00 0 
7f96c4932000-7f96c4935000 ---p 00000000 00:00 0 
7f96c4935000-7f96c4c33000 rw-p 00000000 00:00 0 
7f96c4c33000-7f96c4e33000 rw-p 00000000 00:00 0 
7f96c4e33000-7f96c4e36000 ---p 00000000 00:00 0 
7f96c4e36000-7f96c4f34000 rw-p 00000000 00:00 0 
7f96c4f34000-7f96c4f37000 ---p 00000000 00:00 0 
7f96c4f37000-7f96c5035000 rw-p 00000000 00:00 0 
7f96c5035000-7f96c5038000 ---p 00000000 00:00 0 
7f96c5038000-7f96c5336000 rw-p 00000000 00:00 0 
7f96c5336000-7f96c5536000 rw-p 00000000 00:00 0 
7f96c5536000-7f96c5539000 ---p 00000000 00:00 0 
7f96c5539000-7f96c5637000 rw-p 00000000 00:00 0 
7f96c5637000-7f96c563a000 ---p 00000000 00:00 0 
7f96c563a000-7f96c5938000 rw-p 00000000 00:00 0 
7f96c5938000-7f96c593d000 r--s 0009d000 08:02 7089500                    /usr/lib/jvm/java-8-oracle/jre/lib/jsse.jar
7f96c59e6000-7f96c59eb000 r--s 002f9000 08:02 7089440                    /usr/lib/jvm/java-8-oracle/jre/lib/charsets.jar
7f96c59eb000-7f96c5be1000 rw-p 00000000 00:00 0 
7f96c5be1000-7f96c5beb000 ---p 00000000 00:00 0 
7f96c5beb000-7f96c5deb000 rw-p 00000000 00:00 0 
7f96c5deb000-7f96c5feb000 rw-p 00000000 00:00 0 
7f96c5feb000-7f96c61eb000 rw-p 00000000 00:00 0 
7f96c61eb000-7f96c63eb000 rw-p 00000000 00:00 0 
7f96c63eb000-7f96c63ee000 ---p 00000000 00:00 0 
7f96c63ee000-7f96c66ec000 rw-p 00000000 00:00 0 
7f96c66ec000-7f96c66fd000 r-xp 00000000 08:02 7090102                    /usr/lib/jvm/java-8-oracle/jre/lib/amd64/libnio.so
7f96c66fd000-7f96c68fc000 ---p 00011000 08:02 7090102                    /usr/lib/jvm/java-8-oracle/jre/lib/amd64/libnio.so
7f96c68fc000-7f96c68fd000 rw-p 00010000 08:02 7090102                    /usr/lib/jvm/java-8-oracle/jre/lib/amd64/libnio.so
7f96c68fd000-7f96c6afd000 rw-p 00000000 00:00 0 
7f96c6afd000-7f96c6cfd000 rw-p 00000000 00:00 0 
7f96c6cfd000-7f96c6efd000 rw-p 00000000 00:00 0 
7f96c6efd000-7f96c6f13000 r-xp 00000000 08:02 7090099                    /usr/lib/jvm/java-8-oracle/jre/lib/amd64/libnet.so
7f96c6f13000-7f96c7113000 ---p 00016000 08:02 7090099                    /usr/lib/jvm/java-8-oracle/jre/lib/amd64/libnet.so
7f96c7113000-7f96c7114000 rw-p 00016000 08:02 7090099                    /usr/lib/jvm/java-8-oracle/jre/lib/amd64/libnet.so
7f96c7114000-7f96c711d000 r-xp 00000000 08:02 7090107                    /usr/lib/jvm/java-8-oracle/jre/lib/amd64/libmanagement.so
7f96c711d000-7f96c731c000 ---p 00009000 08:02 7090107                    /usr/lib/jvm/java-8-oracle/jre/lib/amd64/libmanagement.so
7f96c731c000-7f96c731d000 rw-p 00008000 08:02 7090107                    /usr/lib/jvm/java-8-oracle/jre/lib/amd64/libmanagement.so
7f96c731d000-7f96c73b2000 r--s 0110e000 08:02 7089505                    /usr/lib/jvm/java-8-oracle/jre/lib/ext/jfxrt.jar
7f96c73b2000-7f96c75b2000 rw-p 00000000 00:00 0 
7f96c75b2000-7f96c77b2000 rw-p 00000000 00:00 0 
7f96c77b2000-7f96c77b5000 ---p 00000000 00:00 0 
7f96c77b5000-7f96c78b3000 rw-p 00000000 00:00 0 
7f96c78b3000-7f96c78b6000 ---p 00000000 00:00 0 
7f96c78b6000-7f96c79b4000 rw-p 00000000 00:00 0 
7f96c79b4000-7f96c79b7000 ---p 00000000 00:00 0 
7f96c79b7000-7f96c7ab5000 rw-p 00000000 00:00 0 
7f96c7ab5000-7f96c7ab7000 r--s 00004000 08:02 6294025                    /home/elviso/.m2/repository/org/springframework/spring-jcl/5.0.8.RELEASE/spring-jcl-5.0.8.RELEASE.jar
7f96c7ab7000-7f96c7acf000 r--s 00114000 08:02 6294023                    /home/elviso/.m2/repository/org/springframework/spring-core/5.0.8.RELEASE/spring-core-5.0.8.RELEASE.jar
7f96c7acf000-7f96c7ad1000 r--s 0000c000 08:02 6567310                    /home/elviso/.m2/repository/org/objenesis/objenesis/2.6/objenesis-2.6.jar
7f96c7ad1000-7f96c7ad4000 r--s 00010000 08:02 6422844                    /home/elviso/.m2/repository/com/101tec/zkclient/0.7/zkclient-0.7.jar
7f96c7ad4000-7f96c7ad6000 r--s 00009000 08:02 6422826                    /home/elviso/.m2/repository/org/apache/flink/flink-connector-kafka-base_2.10/1.0.3/flink-connector-kafka-base_2.10-1.0.3.jar
7f96c7ad6000-7f96c7ad8000 r--s 00004000 08:02 6422814                    /home/elviso/.m2/repository/org/apache/flink/flink-connector-kafka-0.9_2.10/1.0.3/flink-connector-kafka-0.9_2.10-1.0.3.jar
7f96c7ad8000-7f96c7ada000 r--s 00009000 08:02 6291973                    /home/elviso/.m2/repository/commons-cli/commons-cli/1.2/commons-cli-1.2.jar
7f96c7ada000-7f96c7b14000 r--s 00265000 08:02 6428784                    /home/elviso/.m2/repository/org/apache/flink/flink-optimizer_2.10/1.0.3/flink-optimizer_2.10-1.0.3.jar
7f96c7b14000-7f96c7b4b000 r--s 00225000 08:02 6428782                    /home/elviso/.m2/repository/org/apache/flink/flink-clients_2.10/1.0.3/flink-clients_2.10-1.0.3.jar
7f96c7b4b000-7f96c7b4d000 r--s 0000a000 08:02 6428780                    /home/elviso/.m2/repository/org/apache/sling/org.apache.sling.commons.json/2.0.6/org.apache.sling.commons.json-2.0.6.jar
7f96c7b4d000-7f96c7b60000 r--s 000df000 08:02 6428778                    /home/elviso/.m2/repository/org/apache/commons/commons-math/2.2/commons-math-2.2.jar
7f96c7b60000-7f96c7b62000 r--s 0000b000 08:02 6428776                    /home/elviso/.m2/repository/com/twitter/chill-java/0.7.4/chill-java-0.7.4.jar
7f96c7b62000-7f96c7b67000 r--s 00032000 08:02 6428774                    /home/elviso/.m2/repository/com/twitter/chill_2.10/0.7.4/chill_2.10-0.7.4.jar
7f96c7b67000-7f96c7b68000 r--s 00003000 08:02 6428772                    /home/elviso/.m2/repository/io/dropwizard/metrics/metrics-json/3.2.6/metrics-json-3.2.6.jar
7f96c7b68000-7f96c7b6a000 r--s 00008000 08:02 6428770                    /home/elviso/.m2/repository/io/dropwizard/metrics/metrics-jvm/3.2.6/metrics-jvm-3.2.6.jar
7f96c7b6a000-7f96c7b6e000 r--s 0001e000 08:02 6428768                    /home/elviso/.m2/repository/io/dropwizard/metrics/metrics-core/3.2.6/metrics-core-3.2.6.jar
7f96c7b6e000-7f96c7b72000 r--s 0001b000 08:02 6428766                    /home/elviso/.m2/repository/com/github/scopt/scopt_2.10/3.2.0/scopt_2.10-3.2.0.jar
7f96c7b72000-7f96c7b73000 r--s 00001000 08:02 6428764                    /home/elviso/.m2/repository/org/clapper/grizzled-slf4j_2.10/1.0.2/grizzled-slf4j_2.10-1.0.2.jar
7f96c7b73000-7f96c7b74000 r--s 00003000 08:02 6428762                    /home/elviso/.m2/repository/com/typesafe/akka/akka-slf4j_2.10/2.3.7/akka-slf4j_2.10-2.3.7.jar
7f96c7b74000-7f96c7b76000 r--s 0000a000 08:02 6428760                    /home/elviso/.m2/repository/org/uncommons/maths/uncommons-maths/1.2.2a/uncommons-maths-1.2.2a.jar
7f96c7b76000-7f96c7b7e000 r--s 0007b000 08:02 6428758                    /home/elviso/.m2/repository/com/google/protobuf/protobuf-java/2.5.0/protobuf-java-2.5.0.jar
7f96c7b7e000-7f96c7b93000 r--s 00134000 08:02 6428756                    /home/elviso/.m2/repository/com/typesafe/akka/akka-remote_2.10/2.3.7/akka-remote_2.10-2.3.7.jar
7f96c7b93000-7f96c7b97000 r--s 00032000 08:02 6428754                    /home/elviso/.m2/repository/com/typesafe/config/1.2.1/config-1.2.1.jar
7f96c7b97000-7f96c7bbc000 r--s 00253000 08:02 6428752                    /home/elviso/.m2/repository/com/typesafe/akka/akka-actor_2.10/2.3.7/akka-actor_2.10-2.3.7.jar
7f96c7bbc000-7f96c7c2e000 r--s 0065a000 08:02 6428750                    /home/elviso/.m2/repository/org/scala-lang/scala-library/2.10.4/scala-library-2.10.4.jar
7f96c7c2e000-7f96c7c38000 r--s 000a5000 08:02 6428748                    /home/elviso/.m2/repository/org/javassist/javassist/3.18.2-GA/javassist-3.18.2-GA.jar
7f96c7c38000-7f96c7c7b000 r--s 00367000 08:02 6428746                    /home/elviso/.m2/repository/io/netty/netty-all/4.1.27.Final/netty-all-4.1.27.Final.jar
7f96c7c7b000-7f96c7cef000 r--s 004ba000 08:02 6428744                    /home/elviso/.m2/repository/org/apache/flink/flink-runtime_2.10/1.0.3/flink-runtime_2.10-1.0.3.jar
7f96c7cef000-7f96c7d2f000 r--s 00287000 08:02 6428742                    /home/elviso/.m2/repository/org/apache/flink/flink-streaming-java_2.10/1.0.3/flink-streaming-java_2.10-1.0.3.jar
7f96c7d2f000-7f96c7d31000 r--s 00004000 08:02 6428740                    /home/elviso/.m2/repository/org/apache/flink/flink-jdbc/1.0.3/flink-jdbc-1.0.3.jar
7f96c7d31000-7f96c7d32000 r--s 00001000 08:02 6293972                    /home/elviso/.m2/repository/org/apache/flink/force-shading/1.0.3/force-shading-1.0.3.jar
7f96c7d32000-7f96c7d3b000 r--s 0006f000 08:02 6293572                    /home/elviso/.m2/repository/log4j/log4j/1.2.17/log4j-1.2.17.jar
7f96c7d3b000-7f96c7d3c000 r--s 00002000 08:02 6293571                    /home/elviso/.m2/repository/org/slf4j/slf4j-log4j12/1.7.25/slf4j-log4j12-1.7.25.jar
7f96c7d3c000-7f96c7d3e000 r--s 00009000 08:02 6169866                    /home/elviso/.m2/repository/org/slf4j/slf4j-api/1.7.25/slf4j-api-1.7.25.jar
7f96c7d3e000-7f96c7d46000 r--s 00072000 08:02 6293970                    /home/elviso/.m2/repository/org/apache/commons/commons-lang3/3.7/commons-lang3-3.7.jar
7f96c7d46000-7f96c7d6a000 r--s 001ce000 08:02 6293968                    /home/elviso/.m2/repository/org/apache/commons/commons-math3/3.5/commons-math3-3.5.jar
7f96c7d6a000-7f96c7d6c000 r--s 00000000 08:02 6428738                    /home/elviso/.m2/repository/aopalliance/aopalliance/1.0/aopalliance-1.0.jar
7f96c7d6c000-7f96c7d6d000 r--s 00000000 08:02 6428736                    /home/elviso/.m2/repository/javax/inject/javax.inject/1/javax.inject-1.jar
7f96c7d6d000-7f96c7d7c000 r--s 0009f000 08:02 6428734                    /home/elviso/.m2/repository/com/google/inject/guice/3.0/guice-3.0.jar
7f96c7d7c000-7f96c7d7e000 r--s 0000e000 08:02 6428732                    /home/elviso/.m2/repository/javax/activation/activation/1.1/activation-1.1.jar
7f96c7d7e000-7f96c7d80000 r--s 00004000 08:02 6428730                    /home/elviso/.m2/repository/javax/xml/stream/stax-api/1.0-2/stax-api-1.0-2.jar
7f96c7d80000-7f96c7d84000 r--s 0001b000 08:02 6428728                    /home/elviso/.m2/repository/javax/xml/bind/jaxb-api/2.3.0/jaxb-api-2.3.0.jar
7f96c7d84000-7f96c7d85000 r--s 00005000 08:02 6428726                    /home/elviso/.m2/repository/commons-daemon/commons-daemon/1.0.13/commons-daemon-1.0.13.jar
7f96c7d85000-7f96c7d87000 r--s 00005000 08:02 6428724                    /home/elviso/.m2/repository/commons-beanutils/commons-beanutils-bean-collections/1.8.3/commons-beanutils-bean-collections-1.8.3.jar
7f96c7d87000-7f96c7d8b000 r--s 00014000 08:02 6428722                    /home/elviso/.m2/repository/org/tukaani/xz/1.0/xz-1.0.jar
7f96c7d8b000-7f96c7d90000 r--s 00036000 08:02 6428720                    /home/elviso/.m2/repository/org/apache/commons/commons-compress/1.4.1/commons-compress-1.4.1.jar
7f96c7d90000-7f96c7da8000 r--s 00110000 08:02 6293493                    /home/elviso/.m2/repository/io/netty/netty/3.7.0.Final/netty-3.7.0.Final.jar
7f96c7da8000-7f96c7db4000 r--s 000b6000 08:02 6428718                    /home/elviso/.m2/repository/org/apache/zookeeper/zookeeper/3.4.6/zookeeper-3.4.6.jar
7f96c7db4000-7f96c7db9000 r--s 00040000 08:02 6428716                    /home/elviso/.m2/repository/com/jcraft/jsch/0.1.54/jsch-0.1.54.jar
7f96c7db9000-7f96c7dbb000 r--s 00006000 08:02 6293966                    /home/elviso/.m2/repository/com/thoughtworks/paranamer/paranamer/2.3/paranamer-2.3.jar
7f96c7dbb000-7f96c7dc8000 r--s 00097000 08:02 6428714                    /home/elviso/.m2/repository/org/codehaus/jackson/jackson-mapper-asl/1.8.8/jackson-mapper-asl-1.8.8.jar
7f96c7dc8000-7f96c7dcc000 r--s 00034000 08:02 6293964                    /home/elviso/.m2/repository/org/codehaus/jackson/jackson-core-asl/1.8.8/jackson-core-asl-1.8.8.jar
7f96c7dcc000-7f96c7dd0000 r--s 00020000 08:02 6293962                    /home/elviso/.m2/repository/commons-digester/commons-digester/1.8.1/commons-digester-1.8.1.jar
7f96c7dd0000-7f96c7dd7000 r--s 0004f000 08:02 6293960                    /home/elviso/.m2/repository/commons-configuration/commons-configuration/1.7/commons-configuration-1.7.jar
7f96c7dd7000-7f96c7ddc000 r--s 00041000 08:02 6293545                    /home/elviso/.m2/repository/commons-lang/commons-lang/2.6/commons-lang-2.6.jar
7f96c7ddc000-7f96c7ddd000 r--s 00004000 08:02 6293958                    /home/elviso/.m2/repository/com/jamesmurty/utils/java-xmlbuilder/0.4/java-xmlbuilder-0.4.jar
7f96c7ddd000-7f96c7ddf000 r--s 0000e000 08:02 6293956                    /home/elviso/.m2/repository/commons-logging/commons-logging/1.1.3/commons-logging-1.1.3.jar
7f96c7ddf000-7f96c7de2000 r--s 00019000 08:02 6293954                    /home/elviso/.m2/repository/commons-el/commons-el/1.0/commons-el-1.0.jar
7f96c7de2000-7f96c7de4000 r--s 0000a000 08:02 6293952                    /home/elviso/.m2/repository/javax/ws/rs/jsr311-api/1.1.1/jsr311-api-1.1.1.jar
7f96c7de4000-7f96c7dee000 r--s 00061000 08:02 6293950                    /home/elviso/.m2/repository/com/sun/jersey/jersey-core/1.19.1/jersey-core-1.19.1.jar
7f96c7dee000-7f96c7df2000 r--s 00028000 08:02 6293948                    /home/elviso/.m2/repository/org/mortbay/jetty/jetty-util/6.1.26/jetty-util-6.1.26.jar
7f96c7df2000-7f96c7df4000 r--s 00018000 08:02 6293946                    /home/elviso/.m2/repository/javax/servlet/servlet-api/2.5/servlet-api-2.5.jar
7f96c7df4000-7f96c7e02000 r--s 0007f000 08:02 6293548                    /home/elviso/.m2/repository/commons-collections/commons-collections/3.2.1/commons-collections-3.2.1.jar
7f96c7e02000-7f96c7e07000 r--s 0003e000 08:02 6293622                    /home/elviso/.m2/repository/commons-net/commons-net/3.1/commons-net-3.1.jar
7f96c7e07000-7f96c7e0e000 r--s 0004b000 08:02 6293941                    /home/elviso/.m2/repository/commons-codec/commons-codec/1.11/commons-codec-1.11.jar
7f96c7e0e000-7f96c7e36000 rw-p 00000000 00:00 0 
7f96c7e36000-7f96c7f5b000 r--s 01055000 08:02 6293875                    /home/elviso/.m2/repository/org/apache/flink/flink-shaded-hadoop2/1.0.3/flink-shaded-hadoop2-1.0.3.jar
7f96c7f5b000-7f96c7f63000 r--s 00060000 08:02 6293869                    /home/elviso/.m2/repository/org/apache/avro/avro/1.7.6/avro-1.7.6.jar
7f96c7f63000-7f96c7fa7000 r--s 002d5000 08:02 6293837                    /home/elviso/.m2/repository/org/apache/flink/flink-core/1.0.3/flink-core-1.0.3.jar
7f96c7fa7000-7f96c7fe9000 r--s 002b2000 08:02 6293785                    /home/elviso/.m2/repository/org/apache/flink/flink-java/1.0.3/flink-java-1.0.3.jar
7f96c7fe9000-7f96c8000000 r--s 00173000 08:02 6293771                    /home/elviso/.m2/repository/org/projectlombok/lombok/1.16.22/lombok-1.16.22.jar
7f96c8000000-7f96c9022000 rw-p 00000000 00:00 0 
7f96c9022000-7f96cc000000 ---p 00000000 00:00 0 
7f96cc000000-7f96cc079000 rw-p 00000000 00:00 0 
7f96cc079000-7f96d0000000 ---p 00000000 00:00 0 
7f96d0000000-7f96d0073000 rw-p 00000000 00:00 0 
7f96d0073000-7f96d4000000 ---p 00000000 00:00 0 
7f96d4000000-7f96d6d47000 rw-p 00000000 00:00 0 
7f96d6d47000-7f96d8000000 ---p 00000000 00:00 0 
7f96d8000000-7f96d8056000 rw-p 00000000 00:00 0 
7f96d8056000-7f96dc000000 ---p 00000000 00:00 0 
7f96dc000000-7f96dc021000 rw-p 00000000 00:00 0 
7f96dc021000-7f96e0000000 ---p 00000000 00:00 0 
7f96e0000000-7f96e004d000 rw-p 00000000 00:00 0 
7f96e004d000-7f96e4000000 ---p 00000000 00:00 0 
7f96e4000000-7f96e42e0000 rw-p 00000000 00:00 0 
7f96e42e0000-7f96e8000000 ---p 00000000 00:00 0 
7f96e8000000-7f96e802f000 rw-p 00000000 00:00 0 
7f96e802f000-7f96ec000000 ---p 00000000 00:00 0 
7f96ec000000-7f96ec004000 r--s 0002a000 08:02 6293943                    /home/elviso/.m2/repository/commons-io/commons-io/2.4/commons-io-2.4.jar
7f96ec004000-7f96ec005000 r--s 00003000 08:02 6293939                    /home/elviso/.m2/repository/xmlenc/xmlenc/0.52/xmlenc-0.52.jar
7f96ec005000-7f96ec007000 r--s 00000000 08:02 6293867                    /home/elviso/.m2/repository/com/esotericsoftware/minlog/minlog/1.2/minlog-1.2.jar
7f96ec007000-7f96ec00d000 r--s 0004d000 08:02 6293861                    /home/elviso/.m2/repository/com/esotericsoftware/kryo/kryo/2.24.0/kryo-2.24.0.jar
7f96ec00d000-7f96ec00e000 r--s 00002000 08:02 6293858                    /home/elviso/.m2/repository/org/apache/flink/flink-annotations/1.0.3/flink-annotations-1.0.3.jar
7f96ec00e000-7f96ec018000 r--s 000bd000 08:02 6293763                    /home/elviso/.m2/repository/org/postgresql/postgresql/42.2.4/postgresql-42.2.4.jar
7f96ec018000-7f96ec039000 r--s 000fd000 08:02 6293751                    /home/elviso/.m2/repository/org/springframework/boot/spring-boot-autoconfigure/2.0.4.RELEASE/spring-boot-autoconfigure-2.0.4.RELEASE.jar
7f96ec039000-7f96ec04e000 r--s 000d0000 08:02 6293739                    /home/elviso/.m2/repository/org/springframework/boot/spring-boot/2.0.4.RELEASE/spring-boot-2.0.4.RELEASE.jar
7f96ec04e000-7f96ec054000 r--s 0002d000 08:02 6293733                    /home/elviso/.m2/repository/org/springframework/boot/spring-boot-devtools/2.0.4.RELEASE/spring-boot-devtools-2.0.4.RELEASE.jar
7f96ec054000-7f96ec059000 r--s 00036000 08:02 6293721                    /home/elviso/.m2/repository/com/google/code/gson/gson/2.8.5/gson-2.8.5.jar
7f96ec059000-7f96ec061000 r--s 00037000 08:02 6293687                    /home/elviso/.m2/repository/org/springframework/spring-tx/5.0.8.RELEASE/spring-tx-5.0.8.RELEASE.jar
7f96ec061000-7f96ec07b000 r--s 000f1000 08:02 6293657                    /home/elviso/.m2/repository/org/springframework/spring-context/5.0.8.RELEASE/spring-context-5.0.8.RELEASE.jar
7f96ec07b000-7f96ec081000 r--s 0003e000 08:02 6293713                    /home/elviso/.m2/repository/org/springframework/kafka/spring-kafka/2.1.8.RELEASE/spring-kafka-2.1.8.RELEASE.jar
7f96ec081000-7f96ec084000 r--s 0016d000 08:02 6293671                    /home/elviso/.m2/repository/org/xerial/snappy/snappy-java/1.1.4/snappy-java-1.1.4.jar
7f96ec084000-7f96ec087000 r--s 00058000 08:02 6293669                    /home/elviso/.m2/repository/org/lz4/lz4-java/1.4/lz4-java-1.4.jar
7f96ec087000-7f96ec0a3000 r--s 0016b000 08:02 6293667                    /home/elviso/.m2/repository/org/apache/kafka/kafka-clients/1.0.2/kafka-clients-1.0.2.jar
7f96ec0a3000-7f96ec0a5000 r--s 00009000 08:02 6298657                    /home/elviso/.m2/repository/org/springframework/cloud/spring-cloud-stream-binder-kafka/2.0.1.RELEASE/spring-cloud-stream-binder-kafka-2.0.1.RELEASE.jar
7f96ec0a5000-7f96ec0a9000 r--s 00bc4000 08:02 6293677                    /home/elviso/.m2/repository/org/rocksdb/rocksdbjni/5.7.3/rocksdbjni-5.7.3.jar
7f96ec0a9000-7f96ec0ab000 r--s 0000c000 08:02 6293675                    /home/elviso/.m2/repository/org/apache/kafka/connect-api/1.0.2/connect-api-1.0.2.jar
7f96ec0ab000-7f96ec0ad000 r--s 00009000 08:02 6293673                    /home/elviso/.m2/repository/org/apache/kafka/connect-json/1.0.2/connect-json-1.0.2.jar
7f96ec0ad000-7f96ec0be000 r--s 000b5000 08:02 6169876                    /home/elviso/.m2/repository/org/apache/kafka/kafka-streams/1.0.2/kafka-streams-1.0.2.jar
7f96ec0be000-7f96ec0c0000 r--s 00010000 08:02 6293709                    /home/elviso/.m2/repository/org/springframework/integration/spring-integration-kafka/3.0.3.RELEASE/spring-integration-kafka-3.0.3.RELEASE.jar
7f96ec0c0000-7f96ec0c1000 r--s 00007000 08:02 6293707                    /home/elviso/.m2/repository/org/springframework/cloud/spring-cloud-stream-binder-kafka-core/2.0.1.RELEASE/spring-cloud-stream-binder-kafka-core-2.0.1.RELEASE.jar
7f96ec0c1000-7f96ec0c4000 r--s 0000e000 08:02 6293705                    /home/elviso/.m2/repository/org/springframework/cloud/spring-cloud-stream-binder-kafka-streams/2.0.1.RELEASE/spring-cloud-stream-binder-kafka-streams-2.0.1.RELEASE.jar
7f96ec0c4000-7f96ec0c8000 r--s 0001c000 08:02 6293703                    /home/elviso/.m2/repository/org/springframework/retry/spring-retry/1.2.2.RELEASE/spring-retry-1.2.2.RELEASE.jar
7f96ec0c8000-7f96ec0c9000 r--s 00001000 08:02 6293701                    /home/elviso/.m2/repository/org/springframework/integration/spring-integration-tuple/1.0.0.RELEASE/spring-integration-tuple-1.0.0.RELEASE.jar
7f96ec0c9000-7f96ec0ca000 r--s 00001000 08:02 6293699                    /home/elviso/.m2/repository/com/esotericsoftware/minlog/1.3.0/minlog-1.3.0.jar
7f96ec0ca000-7f96ec0d1000 r--s 00051000 08:02 6293697                    /home/elviso/.m2/repository/com/esotericsoftware/kryo-shaded/3.0.3/kryo-shaded-3.0.3.jar
7f96ec0d1000-7f96ec0d3000 r--s 00006000 08:02 6293695                    /home/elviso/.m2/repository/org/springframework/spring-tuple/1.0.0.RELEASE/spring-tuple-1.0.0.RELEASE.jar
7f96ec0d3000-7f96ec0d6000 r--s 0000e000 08:02 6293693                    /home/elviso/.m2/repository/org/springframework/integration/spring-integration-jmx/5.0.7.RELEASE/spring-integration-jmx-5.0.7.RELEASE.jar
7f96ec0d6000-7f96ec0d7000 r--s 00000000 08:02 6293691                    /home/elviso/.m2/repository/org/reactivestreams/reactive-streams/1.0.2/reactive-streams-1.0.2.jar
7f96ec0d7000-7f96ec0eb000 r--s 00136000 08:02 6293689                    /home/elviso/.m2/repository/io/projectreactor/reactor-core/3.1.8.RELEASE/reactor-core-3.1.8.RELEASE.jar
7f96ec0eb000-7f96ec105000 r--s 00120000 08:02 6293685                    /home/elviso/.m2/repository/org/springframework/integration/spring-integration-core/5.0.7.RELEASE/spring-integration-core-5.0.7.RELEASE.jar
7f96ec105000-7f96ec10e000 r--s 00054000 08:02 6293683                    /home/elviso/.m2/repository/org/springframework/spring-messaging/5.0.8.RELEASE/spring-messaging-5.0.8.RELEASE.jar
7f96ec10e000-7f96ec10f000 r--s 00000000 08:02 6293681                    /home/elviso/.m2/repository/org/springframework/boot/spring-boot-starter-validation/2.0.4.RELEASE/spring-boot-starter-validation-2.0.4.RELEASE.jar
7f96ec10f000-7f96ec116000 r--s 00038000 08:02 6293679                    /home/elviso/.m2/repository/org/springframework/cloud/spring-cloud-stream/2.0.1.RELEASE/spring-cloud-stream-2.0.1.RELEASE.jar
7f96ec116000-7f96ec11b000 r--s 00040000 08:02 6293665                    /home/elviso/.m2/repository/org/springframework/spring-expression/5.0.8.RELEASE/spring-expression-5.0.8.RELEASE.jar
7f96ec11b000-7f96ec124000 r--s 00051000 08:02 6293655                    /home/elviso/.m2/repository/org/springframework/spring-aop/5.0.8.RELEASE/spring-aop-5.0.8.RELEASE.jar
7f96ec124000-7f96ec134000 r--s 000b2000 08:02 6293653                    /home/elviso/.m2/repository/org/springframework/spring-webmvc/5.0.8.RELEASE/spring-webmvc-5.0.8.RELEASE.jar
7f96ec134000-7f96ec141000 r--s 00095000 08:02 6293651                    /home/elviso/.m2/repository/org/springframework/spring-beans/5.0.8.RELEASE/spring-beans-5.0.8.RELEASE.jar
7f96ec141000-7f96ec15b000 r--s 0011b000 08:02 6293649                    /home/elviso/.m2/repository/org/springframework/spring-web/5.0.8.RELEASE/spring-web-5.0.8.RELEASE.jar
7f96ec15b000-7f96ec15d000 r--s 0000e000 08:02 6293647                    /home/elviso/.m2/repository/com/fasterxml/classmate/1.3.4/classmate-1.3.4.jar
7f96ec15d000-7f96ec15f000 r--s 0000f000 08:02 6293645                    /home/elviso/.m2/repository/org/jboss/logging/jboss-logging/3.3.2.Final/jboss-logging-3.3.2.Final.jar
7f96ec15f000-7f96ec164000 r--s 00012000 08:02 6293643                    /home/elviso/.m2/repository/javax/validation/validation-api/2.0.1.Final/validation-api-2.0.1.Final.jar
7f96ec164000-7f96ec181000 r--s 000fe000 08:02 6293641                    /home/elviso/.m2/repository/org/hibernate/validator/hibernate-validator/6.0.11.Final/hibernate-validator-6.0.11.Final.jar
7f96ec181000-7f96ec186000 r--s 0003a000 08:02 6293639                    /home/elviso/.m2/repository/org/apache/tomcat/embed/tomcat-embed-websocket/8.5.32/tomcat-embed-websocket-8.5.32.jar
7f96ec186000-7f96ec18b000 r--s 00037000 08:02 6293637                    /home/elviso/.m2/repository/org/apache/tomcat/embed/tomcat-embed-el/8.5.32/tomcat-embed-el-8.5.32.jar
7f96ec18b000-7f96ec1b4000 r--s 002d3000 08:02 6293635                    /home/elviso/.m2/repository/org/apache/tomcat/embed/tomcat-embed-core/8.5.32/tomcat-embed-core-8.5.32.jar
7f96ec1b4000-7f96ec1b5000 r--s 00000000 08:02 6293633                    /home/elviso/.m2/repository/org/springframework/boot/spring-boot-starter-tomcat/2.0.4.RELEASE/spring-boot-starter-tomcat-2.0.4.RELEASE.jar
7f96ec1b5000-7f96ec1b7000 r--s 00001000 08:02 6293631                    /home/elviso/.m2/repository/com/fasterxml/jackson/module/jackson-module-parameter-names/2.9.6/jackson-module-parameter-names-2.9.6.jar
7f96ec1b7000-7f96ec1ba000 r--s 00016000 08:02 6293629                    /home/elviso/.m2/repository/com/fasterxml/jackson/datatype/jackson-datatype-jsr310/2.9.6/jackson-datatype-jsr310-2.9.6.jar
7f96ec1ba000-7f96ec1bb000 ---p 00000000 00:00 0 
7f96ec1bb000-7f96ec2bb000 rw-p 00000000 00:00 0 
7f96ec2bb000-7f96ec2be000 ---p 00000000 00:00 0 
7f96ec2be000-7f96ec3bc000 rw-p 00000000 00:00 0 
7f96ec3bc000-7f96ec3bd000 ---p 00000000 00:00 0 
7f96ec3bd000-7f96ec3c0000 ---p 00000000 00:00 0 
7f96ec3c0000-7f96ec4bd000 rw-p 00000000 00:00 0 
7f96ec4bd000-7f96ec4be000 ---p 00000000 00:00 0 
7f96ec4be000-7f96ec4c1000 ---p 00000000 00:00 0 
7f96ec4c1000-7f96ec5be000 rw-p 00000000 00:00 0 
7f96ec5be000-7f96ec5c1000 ---p 00000000 00:00 0 
7f96ec5c1000-7f96ec6bf000 rw-p 00000000 00:00 0 
7f96ec6bf000-7f96ed08e000 r--p 00000000 08:02 7084661                    /usr/lib/locale/locale-archive
7f96ed08e000-7f96ed091000 ---p 00000000 00:00 0 
7f96ed091000-7f96ed18f000 rw-p 00000000 00:00 0 
7f96ed18f000-7f96ed192000 ---p 00000000 00:00 0 
7f96ed192000-7f96f1000000 rw-p 00000000 00:00 0 
7f96f1000000-7f96f1e60000 rwxp 00000000 00:00 0 
7f96f1e60000-7f9700000000 ---p 00000000 00:00 0 
7f9700000000-7f9700d4f000 rw-p 00000000 00:00 0 
7f9700d4f000-7f9704000000 ---p 00000000 00:00 0 
7f9704000000-7f9704005000 r--s 0004b000 08:02 6293625                    /home/elviso/.m2/repository/com/fasterxml/jackson/core/jackson-core/2.9.6/jackson-core-2.9.6.jar
7f9704005000-7f9704018000 r--s 00137000 08:02 6293617                    /home/elviso/.m2/repository/com/fasterxml/jackson/core/jackson-databind/2.9.6/jackson-databind-2.9.6.jar
7f9704018000-7f970401f000 r--s 00042000 08:02 6293612                    /home/elviso/.m2/repository/org/yaml/snakeyaml/1.19/snakeyaml-1.19.jar
7f970401f000-7f9704020000 ---p 00000000 00:00 0 
7f9704020000-7f9704aba000 rw-p 00000000 00:00 0 
7f9704aba000-7f9704c94000 r--s 03d6b000 08:02 7089442                    /usr/lib/jvm/java-8-oracle/jre/lib/rt.jar
7f9704c94000-7f97058e1000 rw-p 00000000 00:00 0 
7f97058e1000-7f97058e2000 ---p 00000000 00:00 0 
7f97058e2000-7f97059e2000 rw-p 00000000 00:00 0 
7f97059e2000-7f97059e3000 ---p 00000000 00:00 0 
7f97059e3000-7f9705b11000 rw-p 00000000 00:00 0 
7f9705b11000-7f9705d73000 ---p 00000000 00:00 0 
7f9705d73000-7f9705da1000 rw-p 00000000 00:00 0 
7f9705da1000-7f9706002000 ---p 00000000 00:00 0 
7f9706002000-7f970609e000 rw-p 00000000 00:00 0 
7f970609e000-7f970614a000 ---p 00000000 00:00 0 
7f970614a000-7f9706185000 rw-p 00000000 00:00 0 
7f9706185000-7f970650b000 ---p 00000000 00:00 0 
7f970650b000-7f9706526000 r-xp 00000000 08:02 7090095                    /usr/lib/jvm/java-8-oracle/jre/lib/amd64/libzip.so
7f9706526000-7f9706726000 ---p 0001b000 08:02 7090095                    /usr/lib/jvm/java-8-oracle/jre/lib/amd64/libzip.so
7f9706726000-7f9706727000 rw-p 0001b000 08:02 7090095                    /usr/lib/jvm/java-8-oracle/jre/lib/amd64/libzip.so
7f9706727000-7f9706732000 r-xp 00000000 08:02 11670192                   /lib/x86_64-linux-gnu/libnss_files-2.27.so
7f9706732000-7f9706931000 ---p 0000b000 08:02 11670192                   /lib/x86_64-linux-gnu/libnss_files-2.27.so
7f9706931000-7f9706932000 r--p 0000a000 08:02 11670192                   /lib/x86_64-linux-gnu/libnss_files-2.27.so
7f9706932000-7f9706933000 rw-p 0000b000 08:02 11670192                   /lib/x86_64-linux-gnu/libnss_files-2.27.so
7f9706933000-7f9706939000 rw-p 00000000 00:00 0 
7f9706939000-7f9706950000 r-xp 00000000 08:02 11670186                   /lib/x86_64-linux-gnu/libnsl-2.27.so
7f9706950000-7f9706b4f000 ---p 00017000 08:02 11670186                   /lib/x86_64-linux-gnu/libnsl-2.27.so
7f9706b4f000-7f9706b50000 r--p 00016000 08:02 11670186                   /lib/x86_64-linux-gnu/libnsl-2.27.so
7f9706b50000-7f9706b51000 rw-p 00017000 08:02 11670186                   /lib/x86_64-linux-gnu/libnsl-2.27.so
7f9706b51000-7f9706b53000 rw-p 00000000 00:00 0 
7f9706b53000-7f9706b5e000 r-xp 00000000 08:02 11670203                   /lib/x86_64-linux-gnu/libnss_nis-2.27.so
7f9706b5e000-7f9706d5d000 ---p 0000b000 08:02 11670203                   /lib/x86_64-linux-gnu/libnss_nis-2.27.so
7f9706d5d000-7f9706d5e000 r--p 0000a000 08:02 11670203                   /lib/x86_64-linux-gnu/libnss_nis-2.27.so
7f9706d5e000-7f9706d5f000 rw-p 0000b000 08:02 11670203                   /lib/x86_64-linux-gnu/libnss_nis-2.27.so
7f9706d5f000-7f9706d67000 r-xp 00000000 08:02 11670188                   /lib/x86_64-linux-gnu/libnss_compat-2.27.so
7f9706d67000-7f9706f67000 ---p 00008000 08:02 11670188                   /lib/x86_64-linux-gnu/libnss_compat-2.27.so
7f9706f67000-7f9706f68000 r--p 00008000 08:02 11670188                   /lib/x86_64-linux-gnu/libnss_compat-2.27.so
7f9706f68000-7f9706f69000 rw-p 00009000 08:02 11670188                   /lib/x86_64-linux-gnu/libnss_compat-2.27.so
7f9706f69000-7f9706f94000 r-xp 00000000 08:02 7090089                    /usr/lib/jvm/java-8-oracle/jre/lib/amd64/libjava.so
7f9706f94000-7f9707193000 ---p 0002b000 08:02 7090089                    /usr/lib/jvm/java-8-oracle/jre/lib/amd64/libjava.so
7f9707193000-7f9707195000 rw-p 0002a000 08:02 7090089                    /usr/lib/jvm/java-8-oracle/jre/lib/amd64/libjava.so
7f9707195000-7f97071a2000 r-xp 00000000 08:02 7090094                    /usr/lib/jvm/java-8-oracle/jre/lib/amd64/libverify.so
7f97071a2000-7f97073a2000 ---p 0000d000 08:02 7090094                    /usr/lib/jvm/java-8-oracle/jre/lib/amd64/libverify.so
7f97073a2000-7f97073a4000 rw-p 0000d000 08:02 7090094                    /usr/lib/jvm/java-8-oracle/jre/lib/amd64/libverify.so
7f97073a4000-7f97073ab000 r-xp 00000000 08:02 11670243                   /lib/x86_64-linux-gnu/librt-2.27.so
7f97073ab000-7f97075aa000 ---p 00007000 08:02 11670243                   /lib/x86_64-linux-gnu/librt-2.27.so
7f97075aa000-7f97075ab000 r--p 00006000 08:02 11670243                   /lib/x86_64-linux-gnu/librt-2.27.so
7f97075ab000-7f97075ac000 rw-p 00007000 08:02 11670243                   /lib/x86_64-linux-gnu/librt-2.27.so
7f97075ac000-7f9707749000 r-xp 00000000 08:02 11670165                   /lib/x86_64-linux-gnu/libm-2.27.so
7f9707749000-7f9707948000 ---p 0019d000 08:02 11670165                   /lib/x86_64-linux-gnu/libm-2.27.so
7f9707948000-7f9707949000 r--p 0019c000 08:02 11670165                   /lib/x86_64-linux-gnu/libm-2.27.so
7f9707949000-7f970794a000 rw-p 0019d000 08:02 11670165                   /lib/x86_64-linux-gnu/libm-2.27.so
7f970794a000-7f9708626000 r-xp 00000000 08:02 7090071                    /usr/lib/jvm/java-8-oracle/jre/lib/amd64/server/libjvm.so
7f9708626000-7f9708826000 ---p 00cdc000 08:02 7090071                    /usr/lib/jvm/java-8-oracle/jre/lib/amd64/server/libjvm.so
7f9708826000-7f9708900000 rw-p 00cdc000 08:02 7090071                    /usr/lib/jvm/java-8-oracle/jre/lib/amd64/server/libjvm.so
7f9708900000-7f970894b000 rw-p 00000000 00:00 0 
7f970894b000-7f9708b32000 r-xp 00000000 08:02 11670102                   /lib/x86_64-linux-gnu/libc-2.27.so
7f9708b32000-7f9708d32000 ---p 001e7000 08:02 11670102                   /lib/x86_64-linux-gnu/libc-2.27.so
7f9708d32000-7f9708d36000 r--p 001e7000 08:02 11670102                   /lib/x86_64-linux-gnu/libc-2.27.so
7f9708d36000-7f9708d38000 rw-p 001eb000 08:02 11670102                   /lib/x86_64-linux-gnu/libc-2.27.so
7f9708d38000-7f9708d3c000 rw-p 00000000 00:00 0 
7f9708d3c000-7f9708d3f000 r-xp 00000000 08:02 11670125                   /lib/x86_64-linux-gnu/libdl-2.27.so
7f9708d3f000-7f9708f3e000 ---p 00003000 08:02 11670125                   /lib/x86_64-linux-gnu/libdl-2.27.so
7f9708f3e000-7f9708f3f000 r--p 00002000 08:02 11670125                   /lib/x86_64-linux-gnu/libdl-2.27.so
7f9708f3f000-7f9708f40000 rw-p 00003000 08:02 11670125                   /lib/x86_64-linux-gnu/libdl-2.27.so
7f9708f40000-7f9708f56000 r-xp 00000000 08:02 7090066                    /usr/lib/jvm/java-8-oracle/jre/lib/amd64/jli/libjli.so
7f9708f56000-7f9709155000 ---p 00016000 08:02 7090066                    /usr/lib/jvm/java-8-oracle/jre/lib/amd64/jli/libjli.so
7f9709155000-7f9709156000 rw-p 00015000 08:02 7090066                    /usr/lib/jvm/java-8-oracle/jre/lib/amd64/jli/libjli.so
7f9709156000-7f9709170000 r-xp 00000000 08:02 11670235                   /lib/x86_64-linux-gnu/libpthread-2.27.so
7f9709170000-7f970936f000 ---p 0001a000 08:02 11670235                   /lib/x86_64-linux-gnu/libpthread-2.27.so
7f970936f000-7f9709370000 r--p 00019000 08:02 11670235                   /lib/x86_64-linux-gnu/libpthread-2.27.so
7f9709370000-7f9709371000 rw-p 0001a000 08:02 11670235                   /lib/x86_64-linux-gnu/libpthread-2.27.so
7f9709371000-7f9709375000 rw-p 00000000 00:00 0 
7f9709375000-7f970939c000 r-xp 00000000 08:02 11670074                   /lib/x86_64-linux-gnu/ld-2.27.so
7f970939c000-7f970939e000 r--s 00007000 08:02 6293627                    /home/elviso/.m2/repository/com/fasterxml/jackson/datatype/jackson-datatype-jdk8/2.9.6/jackson-datatype-jdk8-2.9.6.jar
7f970939e000-7f97093a1000 r--s 0000e000 08:02 6293623                    /home/elviso/.m2/repository/com/fasterxml/jackson/core/jackson-annotations/2.9.0/jackson-annotations-2.9.0.jar
7f97093a1000-7f97093a3000 r--s 00005000 08:02 6293610                    /home/elviso/.m2/repository/javax/annotation/javax.annotation-api/1.3.2/javax.annotation-api-1.3.2.jar
7f97093a3000-7f97093a5000 r--s 00000000 08:02 6293608                    /home/elviso/.m2/repository/org/slf4j/jul-to-slf4j/1.7.25/jul-to-slf4j-1.7.25.jar
7f97093a5000-7f97093ab000 r--s 00039000 08:02 6293606                    /home/elviso/.m2/repository/org/apache/logging/log4j/log4j-api/2.10.0/log4j-api-2.10.0.jar
7f97093ab000-7f97093b6000 r--s 00069000 08:02 6293598                    /home/elviso/.m2/repository/ch/qos/logback/logback-core/1.2.3/logback-core-1.2.3.jar
7f97093b6000-7f9709481000 rw-p 00000000 00:00 0 
7f9709481000-7f9709482000 ---p 00000000 00:00 0 
7f9709482000-7f9709485000 ---p 00000000 00:00 0 
7f9709485000-7f9709584000 rw-p 00000000 00:00 0 
7f9709584000-7f9709585000 r--s 00000000 08:02 6293614                    /home/elviso/.m2/repository/org/springframework/boot/spring-boot-starter-json/2.0.4.RELEASE/spring-boot-starter-json-2.0.4.RELEASE.jar
7f9709585000-7f9709587000 r--s 00003000 08:02 6293604                    /home/elviso/.m2/repository/org/apache/logging/log4j/log4j-to-slf4j/2.10.0/log4j-to-slf4j-2.10.0.jar
7f9709587000-7f970958d000 r--s 00041000 08:02 6293596                    /home/elviso/.m2/repository/ch/qos/logback/logback-classic/1.2.3/logback-classic-1.2.3.jar
7f970958d000-7f970958e000 r--s 00000000 08:02 6293594                    /home/elviso/.m2/repository/org/springframework/boot/spring-boot-starter-logging/2.0.4.RELEASE/spring-boot-starter-logging-2.0.4.RELEASE.jar
7f970958e000-7f970958f000 r--s 00000000 08:02 6293592                    /home/elviso/.m2/repository/org/springframework/boot/spring-boot-starter/2.0.4.RELEASE/spring-boot-starter-2.0.4.RELEASE.jar
7f970958f000-7f9709590000 r--s 00000000 08:02 6293585                    /home/elviso/.m2/repository/org/springframework/boot/spring-boot-starter-web/2.0.4.RELEASE/spring-boot-starter-web-2.0.4.RELEASE.jar
7f9709590000-7f9709598000 rw-s 00000000 08:02 791549                     /tmp/hsperfdata_elviso/17516
7f9709598000-7f9709599000 rw-p 00000000 00:00 0 
7f9709599000-7f970959a000 ---p 00000000 00:00 0 
7f970959a000-7f970959c000 rw-p 00000000 00:00 0 
7f970959c000-7f970959d000 r--p 00027000 08:02 11670074                   /lib/x86_64-linux-gnu/ld-2.27.so
7f970959d000-7f970959e000 rw-p 00028000 08:02 11670074                   /lib/x86_64-linux-gnu/ld-2.27.so
7f970959e000-7f970959f000 rw-p 00000000 00:00 0 
7ffcb2e86000-7ffcb2eab000 rw-p 00000000 00:00 0                          [stack]
7ffcb2f81000-7ffcb2f84000 r--p 00000000 00:00 0                          [vvar]
7ffcb2f84000-7ffcb2f86000 r-xp 00000000 00:00 0                          [vdso]
ffffffffff600000-ffffffffff601000 r-xp 00000000 00:00 0                  [vsyscall]

VM Arguments:
java_command: ng.exelon.etl.EtlApplication
java_class_path (initial): /opt/sts/sts-bundle/sts-3.9.4.RELEASE/workbench/etl/target/classes:/home/elviso/.m2/repository/org/springframework/boot/spring-boot-starter-web/2.0.4.RELEASE/spring-boot-starter-web-2.0.4.RELEASE.jar:/home/elviso/.m2/repository/org/springframework/boot/spring-boot-starter/2.0.4.RELEASE/spring-boot-starter-2.0.4.RELEASE.jar:/home/elviso/.m2/repository/org/springframework/boot/spring-boot-starter-logging/2.0.4.RELEASE/spring-boot-starter-logging-2.0.4.RELEASE.jar:/home/elviso/.m2/repository/ch/qos/logback/logback-classic/1.2.3/logback-classic-1.2.3.jar:/home/elviso/.m2/repository/ch/qos/logback/logback-core/1.2.3/logback-core-1.2.3.jar:/home/elviso/.m2/repository/org/apache/logging/log4j/log4j-to-slf4j/2.10.0/log4j-to-slf4j-2.10.0.jar:/home/elviso/.m2/repository/org/apache/logging/log4j/log4j-api/2.10.0/log4j-api-2.10.0.jar:/home/elviso/.m2/repository/org/slf4j/jul-to-slf4j/1.7.25/jul-to-slf4j-1.7.25.jar:/home/elviso/.m2/repository/javax/annotation/javax.annotation-api/1.3.2/javax.annotation-api-1.3.2.jar:/home/elviso/.m2/repository/org/yaml/snakeyaml/1.19/snakeyaml-1.19.jar:/home/elviso/.m2/repository/org/springframework/boot/spring-boot-starter-json/2.0.4.RELEASE/spring-boot-starter-json-2.0.4.RELEASE.jar:/home/elviso/.m2/repository/com/fasterxml/jackson/core/jackson-databind/2.9.6/jackson-databind-2.9.6.jar:/home/elviso/.m2/repository/com/fasterxml/jackson/core/jackson-annotations/2.9.0/jackson-annotations-2.9.0.jar:/home/elviso/.m2/repository/com/fasterxml/jackson/core/jackson-core/2.9.6/jackson-core-2.9.6.jar:/home/elviso/.m2/repository/com/fasterxml/jackson/datatype/jackson-datatype-jdk8/2.9.6/jackson-datatype-jdk8-2.9.6.jar:/home/elviso/.m2/repository/com/fasterxml/jackson/datatype/jackson-datatype-jsr310/2.9.6/jackson-datatype-jsr310-2.9.6.jar:/home/elviso/.m2/repository/com/fasterxml/jackson/module/jackson-module-parameter-names/2.9.6/jackson-module-parameter-names-2.9.6.jar:/home/elviso/.m2/repository/org/springframework/boot/spr
Launcher Type: SUN_STANDARD

Environment Variables:
JAVA_HOME=/usr/lib/jvm/java-8-oracle
PATH=/home/elviso/.linuxbrew/bin:/usr/local/sbin:/usr/local/bin:/usr/sbin:/usr/bin:/sbin:/bin:/usr/games:/usr/local/games:/snap/bin:/usr/lib/jvm/java-8-oracle/bin:/usr/lib/jvm/java-8-oracle/db/bin:/usr/lib/jvm/java-8-oracle/jre/bin
USERNAME=elviso
LD_LIBRARY_PATH=/home/elviso/.linuxbrew/lib64:/home/elviso/.linuxbrew/lib:
SHELL=/bin/bash
DISPLAY=:0

Signal Handlers:
SIGSEGV: [libjvm.so+0xad2a40], sa_mask[0]=11111111011111111101111111111110, sa_flags=SA_RESTART|SA_SIGINFO
SIGBUS: [libjvm.so+0xad2a40], sa_mask[0]=11111111011111111101111111111110, sa_flags=SA_RESTART|SA_SIGINFO
SIGFPE: [libjvm.so+0x92a610], sa_mask[0]=11111111011111111101111111111110, sa_flags=SA_RESTART|SA_SIGINFO
SIGPIPE: [libjvm.so+0x92a610], sa_mask[0]=11111111011111111101111111111110, sa_flags=SA_RESTART|SA_SIGINFO
SIGXFSZ: [libjvm.so+0x92a610], sa_mask[0]=11111111011111111101111111111110, sa_flags=SA_RESTART|SA_SIGINFO
SIGILL: [libjvm.so+0x92a610], sa_mask[0]=11111111011111111101111111111110, sa_flags=SA_RESTART|SA_SIGINFO
SIGUSR1: SIG_DFL, sa_mask[0]=00000000000000000000000000000000, sa_flags=none
SIGUSR2: [libjvm.so+0x92be70], sa_mask[0]=00100000000000000000000000000000, sa_flags=SA_RESTART|SA_SIGINFO
SIGHUP: [libjvm.so+0x92d270], sa_mask[0]=11111111011111111101111111111110, sa_flags=SA_RESTART|SA_SIGINFO
SIGINT: [libjvm.so+0x92d270], sa_mask[0]=11111111011111111101111111111110, sa_flags=SA_RESTART|SA_SIGINFO
SIGTERM: [libjvm.so+0x92d270], sa_mask[0]=11111111011111111101111111111110, sa_flags=SA_RESTART|SA_SIGINFO
SIGQUIT: [libjvm.so+0x92d270], sa_mask[0]=11111111011111111101111111111110, sa_flags=SA_RESTART|SA_SIGINFO


---------------  S Y S T E M  ---------------

OS: